<?xml version="1.0" encoding="UTF-8"?>
<testng-results ignored="0" total="2" passed="2" failed="0" skipped="0">
  <reporter-output>
  </reporter-output>
  <suite started-at="2024-07-22T17:43:39 IST" name="Default suite" finished-at="2024-07-22T17:43:53 IST" duration-ms="14158">
    <groups>
    </groups>
    <test started-at="2024-07-22T17:43:39 IST" name="Default test" finished-at="2024-07-22T17:43:53 IST" duration-ms="14158">
      <class name="testNGprogrames.CheckboxFindElement">
        <test-method is-config="true" signature="beforeMethod()[pri:0, instance:testNGprogrames.CheckboxFindElement@76b1e9b8]" started-at="2024-07-22T17:43:39 IST" name="beforeMethod" finished-at="2024-07-22T17:43:46 IST" duration-ms="6627" status="PASS">
          <reporter-output>
          </reporter-output>
        </test-method> <!-- beforeMethod -->
        <test-method signature="verifyTheCheckboxesUsingSendKeys()[pri:0, instance:testNGprogrames.CheckboxFindElement@76b1e9b8]" started-at="2024-07-22T17:43:46 IST" name="verifyTheCheckboxesUsingSendKeys" finished-at="2024-07-22T17:43:47 IST" duration-ms="1008" status="PASS">
          <reporter-output>
          </reporter-output>
        </test-method> <!-- verifyTheCheckboxesUsingSendKeys -->
        <test-method is-config="true" signature="afterMethod()[pri:0, instance:testNGprogrames.CheckboxFindElement@76b1e9b8]" started-at="2024-07-22T17:43:47 IST" name="afterMethod" finished-at="2024-07-22T17:43:47 IST" duration-ms="200" status="PASS">
          <reporter-output>
          </reporter-output>
        </test-method> <!-- afterMethod -->
        <test-method is-config="true" signature="beforeMethod()[pri:0, instance:testNGprogrames.CheckboxFindElement@76b1e9b8]" started-at="2024-07-22T17:43:47 IST" name="beforeMethod" finished-at="2024-07-22T17:43:52 IST" duration-ms="5124" status="PASS">
          <reporter-output>
          </reporter-output>
        </test-method> <!-- beforeMethod -->
        <test-method signature="verifyTheMultipleCheckboxesUsingSendKeys()[pri:0, instance:testNGprogrames.CheckboxFindElement@76b1e9b8]" started-at="2024-07-22T17:43:52 IST" name="verifyTheMultipleCheckboxesUsingSendKeys" finished-at="2024-07-22T17:43:53 IST" duration-ms="1032" status="PASS">
          <reporter-output>
          </reporter-output>
        </test-method> <!-- verifyTheMultipleCheckboxesUsingSendKeys -->
        <test-method is-config="true" signature="afterMethod()[pri:0, instance:testNGprogrames.CheckboxFindElement@76b1e9b8]" started-at="2024-07-22T17:43:53 IST" name="afterMethod" finished-at="2024-07-22T17:43:53 IST" duration-ms="106" status="PASS">
          <reporter-output>
          </reporter-output>
        </test-method> <!-- afterMethod -->
      </class> <!-- testNGprogrames.CheckboxFindElement -->
    </test> <!-- Default test -->
  </suite> <!-- Default suite -->
</testng-results>
