<?xml version="1.0" encoding="UTF-8"?>
<!-- Generated by org.testng.reporters.JUnitXMLReporter -->
<testsuite ignored="0" hostname="DESKTOP-TVKQ1TM" failures="0" tests="2" name="Default test" time="14.158" errors="0" timestamp="2024-07-22T17:43:53 IST">
  <testcase classname="testNGprogrames.CheckboxFindElement" name="verifyTheCheckboxesUsingSendKeys" time="1.008"/>
  <testcase classname="testNGprogrames.CheckboxFindElement" name="verifyTheMultipleCheckboxesUsingSendKeys" time="1.032"/>
</testsuite> <!-- Default test -->
